{"level":"\u001b[32minfo\u001b[39m","message":"HTTP POST /total","meta":{"req":{"headers":{"accept":"*/*","accept-encoding":"gzip, deflate, br","connection":"keep-alive","content-length":"36","content-type":"application/json","host":"localhost:3000","postman-token":"57b75cb8-c513-4030-8bbf-dacfc446aa58","user-agent":"PostmanRuntime/7.33.0"},"httpVersion":"1.1","method":"POST","originalUrl":"/total","query":{},"url":"/total"},"res":{"statusCode":200},"responseTime":2632}}
info: HTTP POST /total {"meta":{"req":{"headers":{"accept":"*/*","accept-encoding":"gzip, deflate, br","connection":"keep-alive","content-length":"36","content-type":"application/json","host":"localhost:3000","postman-token":"c53e3256-ab4b-4d6e-b031-bdcecfe1b49f","user-agent":"PostmanRuntime/7.33.0"},"httpVersion":"1.1","method":"POST","originalUrl":"/total","query":{},"url":"/total"},"res":{"statusCode":200},"responseTime":4265}}
undefined [info]: HTTP POST /total
undefined [info]: HTTP POST /total
2023-10-17T08:00:25.844Z [info]: HTTP POST /total
13:32:23 [info]: HTTP POST /total
13:33:01 [info]: HTTP POST /total
13:34:25 [info]: HTTP POST /total
13:35:01 [info]: HTTP POST /total
20:57:27 [info]: HTTP POST /total
20:57:31 [info]: HTTP POST /mails/latest:28
20:59:48 [info]: HTTP POST /total
20:59:52 [info]: HTTP POST /mails/latest:28
21:00:03 [info]: HTTP POST /total
21:00:08 [info]: HTTP POST /mails/latest:28
21:00:24 [info]: HTTP POST /total
21:00:27 [info]: HTTP POST /total
21:00:29 [info]: HTTP POST /mails/latest:28
21:00:32 [info]: HTTP POST /mails/latest:28
21:01:52 [info]: HTTP POST /total
21:01:57 [info]: HTTP POST /mails/latest:29
21:03:24 [info]: HTTP POST /total
21:03:29 [info]: HTTP POST /mails/latest:29
21:10:24 [info]: HTTP POST /total
21:13:24 [info]: HTTP POST /total
21:13:28 [info]: HTTP POST /mails/latest:29
21:13:38 [info]: HTTP POST /total
21:13:42 [info]: HTTP POST /mails/latest:29
21:14:32 [info]: HTTP POST /total
21:14:33 [info]: HTTP POST /total
21:14:38 [info]: HTTP POST /mails/latest:29
21:14:58 [info]: HTTP POST /total
21:14:58 [info]: HTTP POST /total
21:15:03 [info]: HTTP POST /mails/latest:50
21:15:32 [info]: HTTP POST /total
21:15:42 [info]: HTTP POST /total
21:15:43 [info]: HTTP POST /total
21:15:55 [info]: HTTP POST /total
21:16:29 [info]: HTTP POST /total
21:16:31 [info]: HTTP POST /total
21:16:42 [info]: HTTP POST /total
21:16:43 [info]: HTTP POST /total
21:16:47 [info]: HTTP POST /mails/latest:30
21:17:01 [info]: HTTP POST /total
21:17:34 [info]: HTTP POST /total
21:17:39 [info]: HTTP POST /mails/latest:50
21:18:05 [info]: HTTP POST /total
21:19:05 [info]: HTTP POST /total
21:19:11 [info]: HTTP POST /total
21:19:24 [info]: HTTP POST /total
21:19:29 [info]: HTTP POST /mails/latest:20
21:19:32 [info]: HTTP POST /total
21:19:37 [info]: HTTP POST /mails/latest:20
21:20:24 [info]: HTTP POST /total
21:20:28 [info]: HTTP POST /total
21:20:28 [info]: HTTP POST /mails/latest:20
21:20:32 [info]: HTTP POST /mails/latest:20
21:27:31 [info]: HTTP POST /total
21:27:36 [info]: HTTP POST /total
21:27:54 [info]: HTTP POST /total
21:27:54 [info]: HTTP POST /total
21:28:01 [info]: HTTP POST /total
21:28:02 [info]: HTTP POST /total
21:28:07 [info]: HTTP POST /mails/latest:20
21:28:24 [info]: HTTP POST /total
21:28:25 [info]: HTTP POST /total
21:28:29 [info]: HTTP POST /mails/latest:20
21:30:15 [info]: HTTP POST /total
21:30:18 [info]: HTTP POST /mails/latest:20
21:30:23 [info]: HTTP POST /total
21:30:23 [info]: HTTP POST /total
21:30:27 [info]: HTTP POST /mails/latest:20
21:30:30 [info]: HTTP POST /total
21:30:30 [info]: HTTP POST /total
21:30:34 [info]: HTTP POST /mails/latest:20
21:31:06 [info]: HTTP POST /total
21:31:25 [info]: HTTP POST /total
21:31:29 [info]: HTTP POST /mails/latest:20
21:35:57 [info]: HTTP POST /total
21:35:57 [info]: HTTP POST /total
21:36:02 [info]: HTTP POST /mails/latest:20
21:36:07 [info]: HTTP POST /total
21:36:07 [info]: HTTP POST /total
21:36:11 [info]: HTTP POST /mails/latest:20
21:36:14 [info]: HTTP POST /total
21:36:16 [info]: HTTP POST /total
21:36:21 [info]: HTTP POST /mails/latest:20
21:48:25 [info]: HTTP POST /total
21:50:41 [info]: HTTP POST /mails/latest:20
22:14:42 [info]: HTTP POST /total
22:14:42 [info]: HTTP POST /total
22:14:47 [info]: HTTP POST /mails/latest:20
22:15:19 [info]: HTTP POST /total
22:15:23 [info]: HTTP POST /mails/latest:20
22:15:31 [info]: HTTP POST /total
22:15:36 [info]: HTTP POST /mails/latest:20
22:16:13 [info]: HTTP POST /total
22:16:14 [info]: HTTP POST /total
22:16:18 [info]: HTTP POST /mails/latest:20
22:17:17 [info]: HTTP POST /total
22:17:19 [info]: HTTP POST /total
22:17:21 [info]: HTTP POST /mails/latest:20
22:17:23 [info]: HTTP POST /mails/latest:20
22:17:50 [info]: HTTP POST /total
22:17:51 [info]: HTTP POST /total
22:17:55 [info]: HTTP POST /mails/latest:20
22:18:58 [info]: HTTP POST /total
22:19:03 [info]: HTTP POST /mails/latest:20
22:20:31 [info]: HTTP POST /total
22:20:33 [info]: HTTP POST /total
22:20:37 [info]: HTTP POST /mails/latest:20
22:21:49 [info]: HTTP POST /total
22:21:50 [info]: HTTP POST /total
22:21:54 [info]: HTTP POST /mails/latest:20
22:23:00 [info]: HTTP POST /total
22:23:04 [info]: HTTP POST /mails/latest:20
22:29:10 [info]: HTTP POST /total
22:29:14 [info]: HTTP POST /mails/latest:20
22:31:15 [info]: HTTP POST /total
22:31:19 [info]: HTTP POST /mails/latest:20
22:32:43 [info]: HTTP POST /total
22:32:47 [info]: HTTP POST /mails/latest:20
22:40:06 [info]: HTTP POST /total
22:40:11 [info]: HTTP POST /mails/latest:20
22:40:43 [info]: HTTP POST /total
22:40:43 [info]: HTTP POST /total
22:40:48 [info]: HTTP POST /mails/latest:20
22:41:14 [info]: HTTP POST /total
22:41:16 [info]: HTTP POST /total
22:41:17 [info]: HTTP POST /mails/latest:20
22:41:21 [info]: HTTP POST /mails/latest:20
22:41:23 [info]: HTTP POST /total
22:41:27 [info]: HTTP POST /mails/latest:20
22:41:38 [info]: HTTP POST /mails/latest:20/
22:41:44 [info]: HTTP POST /mails/latest:20/
22:41:47 [info]: HTTP POST /total
22:41:47 [info]: HTTP POST /mails/latest:20/
22:41:49 [info]: HTTP POST /mails/latest:20/
22:41:51 [info]: HTTP POST /mails/latest:20
22:41:52 [info]: HTTP POST /mails/latest:20/
22:42:37 [info]: HTTP POST /total
22:42:42 [info]: HTTP POST /mails/latest:20
22:42:45 [info]: HTTP POST /total
22:42:47 [info]: HTTP POST /total
22:45:12 [info]: HTTP POST /mails/latest:20/
22:45:29 [info]: HTTP POST /total
22:45:39 [info]: HTTP POST /total
22:47:06 [info]: HTTP POST /total
22:47:14 [info]: HTTP POST /total
22:47:24 [info]: HTTP POST /total
22:47:26 [info]: HTTP POST /total
22:48:26 [info]: HTTP POST /total
22:48:42 [info]: HTTP POST /total
22:48:59 [info]: HTTP POST /total
22:49:02 [info]: HTTP POST /total
22:49:04 [info]: HTTP POST /total
22:49:19 [info]: HTTP POST /total
22:49:40 [info]: HTTP POST /total
22:50:21 [info]: HTTP POST /total
22:50:28 [info]: HTTP POST /total
22:52:39 [info]: HTTP POST /mails/latest:20/
22:52:40 [info]: HTTP POST /total
22:52:54 [info]: HTTP POST /mails/latest:20/
22:53:31 [info]: HTTP POST /total
22:53:40 [info]: HTTP POST /mails/latest:20/
22:56:20 [info]: HTTP POST /total
22:56:38 [info]: HTTP POST /mails/latest:20/
23:03:18 [info]: HTTP POST /total
23:03:21 [info]: HTTP POST /mails/latest:1
23:03:45 [info]: HTTP POST /total
23:04:17 [info]: HTTP POST /total
23:04:56 [info]: HTTP POST /total
23:04:59 [info]: HTTP POST /total
23:05:10 [info]: HTTP POST /mails/latest:20/
23:05:21 [info]: HTTP POST /mails/latest:20/
23:06:12 [info]: HTTP POST /total
23:06:51 [info]: HTTP POST /mails/latest:20/
23:07:08 [info]: HTTP POST /total
23:07:21 [info]: HTTP POST /mails/latest:20/
23:08:17 [info]: HTTP POST /total
23:08:18 [info]: HTTP POST /total
23:08:28 [info]: HTTP POST /mails/latest:20/
23:09:28 [info]: HTTP POST /total
23:09:39 [info]: HTTP POST /mails/latest:20/
23:10:58 [info]: HTTP POST /total
23:11:37 [info]: HTTP POST /total
23:11:56 [info]: HTTP POST /mails/latest:20/
23:12:19 [info]: HTTP POST /total
23:12:23 [info]: HTTP POST /mails/latest:20/
23:12:29 [info]: HTTP POST /mails/latest:20/
23:13:01 [info]: HTTP POST /total
23:13:13 [info]: HTTP POST /mails/latest:20/
23:15:05 [info]: HTTP POST /total
23:15:14 [info]: HTTP POST /total
23:41:47 [info]: HTTP POST /mails/latest:20/
23:42:03 [info]: HTTP POST /total
23:42:06 [info]: HTTP POST /mails/latest:1
01:37:23 [info]: HTTP POST /total
01:37:26 [info]: HTTP POST /mails/latest:2
01:40:39 [info]: HTTP POST /mails/latest:20/
01:41:14 [info]: HTTP POST /total
01:41:16 [info]: HTTP POST /total
01:41:29 [info]: HTTP POST /mails/latest:20/
01:42:15 [info]: HTTP POST /total
01:42:23 [info]: HTTP POST /mails/latest:20/
01:42:26 [info]: HTTP POST /mails/latest:20/
01:43:30 [info]: HTTP POST /mails/latest:20/
01:47:52 [info]: HTTP POST /total
01:47:58 [info]: HTTP POST /mails/latest:20/
01:48:56 [info]: HTTP POST /total
01:50:08 [info]: HTTP POST /total
01:50:25 [info]: HTTP POST /mails/latest:20/
01:52:04 [info]: HTTP POST /total
01:52:11 [info]: HTTP POST /mails/latest:20/
01:52:43 [info]: HTTP POST /total
01:54:20 [info]: HTTP POST /total
01:55:51 [info]: HTTP POST /total
01:56:22 [info]: HTTP POST /total
12:59:04 [info]: HTTP POST /total
12:59:07 [info]: HTTP POST /mails/latest:7
12:59:20 [info]: HTTP POST /mails/latest:20/
12:59:27 [info]: HTTP POST /mails/latest:20/
12:59:29 [info]: HTTP POST /mails/latest:20/
12:59:32 [info]: HTTP POST /mails/latest:20/
12:59:54 [info]: HTTP POST /mails/latest:20/
13:01:56 [info]: HTTP POST /total
13:15:40 [info]: HTTP POST /total
19:00:23 [info]: HTTP POST /total
19:04:24 [info]: HTTP POST /total
19:06:49 [info]: HTTP POST /total
19:07:50 [info]: HTTP POST /mails/latest:20/
19:08:18 [info]: HTTP POST /mails/latest:20/
19:53:31 [info]: HTTP POST /total
19:54:45 [info]: HTTP POST /total
19:55:09 [info]: HTTP POST /total
19:56:04 [info]: HTTP POST /total
19:56:09 [info]: HTTP POST /total
20:01:55 [info]: HTTP POST /total
20:02:16 [info]: HTTP POST /mails/latest:20/
20:02:30 [info]: HTTP POST /total
20:36:44 [info]: HTTP POST /total
20:36:48 [info]: HTTP POST /mails/latest:1
20:39:15 [info]: HTTP POST /total
20:03:18 [info]: HTTP POST /total
20:38:11 [info]: HTTP POST /total
20:38:16 [info]: HTTP POST /mails/latest:20
21:39:23 [info]: HTTP POST /total
21:44:26 [info]: HTTP POST /mails/latest:5
22:46:32 [info]: HTTP POST /total
22:46:34 [info]: HTTP POST /total
22:46:37 [info]: HTTP POST /mails/latest:3
22:47:17 [info]: HTTP POST /mails/latest:20/
22:47:29 [info]: HTTP POST /mails/latest:20/
22:47:30 [info]: HTTP POST /mails/latest:20/
22:47:33 [info]: HTTP POST /mails/latest:20/
22:47:47 [info]: HTTP POST /mails/latest:20/
01:10:40 [info]: HTTP POST /total
01:10:45 [info]: HTTP POST /mails/latest:20
14:12:05 [info]: HTTP POST /mails/latest:20/
14:12:07 [info]: HTTP GET /folders
14:28:05 [info]: HTTP POST /total
16:09:05 [info]: HTTP POST /total
16:56:54 [info]: HTTP POST /total
16:56:58 [info]: HTTP POST /mails/latest:3
22:07:23 [info]: HTTP POST /send
22:13:00 [info]: HTTP POST /total
22:13:05 [info]: HTTP POST /mails/latest:20
22:17:41 [info]: HTTP POST /total
22:17:44 [info]: HTTP POST /total
22:17:53 [info]: HTTP POST /total
22:18:55 [info]: HTTP POST /total
23:12:42 [info]: HTTP POST /total
23:12:45 [info]: HTTP POST /mails/latest:1
23:12:47 [info]: HTTP POST /total
23:15:28 [info]: HTTP POST /total
23:15:55 [info]: HTTP POST /total
23:16:39 [info]: HTTP POST /total
23:16:59 [info]: HTTP POST /total
23:17:04 [info]: HTTP POST /total
23:17:48 [info]: HTTP POST /total
23:17:53 [info]: HTTP POST /total
11:33:23 [info]: HTTP POST /total
11:34:20 [info]: HTTP POST /total
11:34:21 [info]: HTTP POST /total
11:40:00 [info]: HTTP POST /total
11:40:36 [info]: HTTP POST /total
11:40:38 [info]: HTTP POST /total
11:40:49 [info]: HTTP POST /total
11:43:21 [info]: HTTP POST /total
11:43:22 [info]: HTTP POST /total
12:06:56 [info]: HTTP POST /total
12:07:01 [info]: HTTP POST /total
12:09:04 [info]: HTTP POST /total
12:09:07 [info]: HTTP POST /total
12:10:42 [info]: HTTP POST /total
12:10:50 [info]: HTTP POST /total
12:11:07 [info]: HTTP POST /total
12:11:38 [info]: HTTP POST /total
12:11:41 [info]: HTTP POST /total
12:12:35 [info]: HTTP POST /total
12:12:41 [info]: HTTP POST /total
12:12:52 [info]: HTTP POST /total
12:12:55 [info]: HTTP POST /total
12:13:35 [info]: HTTP POST /total
12:13:40 [info]: HTTP POST /total
12:13:45 [info]: HTTP POST /total
12:13:48 [info]: HTTP POST /total
12:14:59 [info]: HTTP POST /total
12:15:16 [info]: HTTP POST /total
12:19:53 [info]: HTTP POST /total
12:27:04 [info]: HTTP POST /total
12:28:57 [info]: HTTP POST /total
14:47:20 [info]: HTTP POST /total
14:47:24 [info]: HTTP POST /mails/latest:4
14:54:32 [info]: HTTP POST /total
14:54:34 [info]: HTTP POST /mails/latest:1
15:04:42 [info]: HTTP POST /total
15:04:45 [info]: HTTP POST /mails/latest:1
15:57:28 [info]: HTTP POST /total
16:16:49 [info]: HTTP POST /total
16:16:52 [info]: HTTP POST /mails/latest:2
16:45:59 [info]: HTTP POST /total
16:46:01 [info]: HTTP POST /mails/latest:2
18:45:30 [info]: HTTP POST /total
18:45:32 [info]: HTTP POST /total
18:45:33 [info]: HTTP POST /mails/latest:3
18:45:35 [info]: HTTP POST /mails/latest:3
18:51:20 [info]: HTTP POST /total
18:51:24 [info]: HTTP POST /mails/latest:2
18:51:49 [info]: HTTP POST /total
18:53:19 [info]: HTTP POST /total
18:54:29 [info]: HTTP POST /total
18:55:08 [info]: HTTP POST /total
18:55:25 [info]: HTTP POST /total
18:56:14 [info]: HTTP POST /total
18:57:06 [info]: HTTP POST /total
18:57:07 [info]: HTTP POST /total
18:57:24 [info]: HTTP POST /total
18:58:13 [info]: HTTP POST /total
18:58:15 [info]: HTTP POST /total
19:00:37 [info]: HTTP POST /total
19:00:42 [info]: HTTP POST /total
19:01:06 [info]: HTTP POST /total
19:02:20 [info]: HTTP POST /total
19:02:21 [info]: HTTP POST /total
19:04:03 [info]: HTTP POST /total
19:04:57 [info]: HTTP POST /total
19:05:17 [info]: HTTP POST /total
19:05:52 [info]: HTTP POST /total
19:06:08 [info]: HTTP POST /total
19:07:13 [info]: HTTP POST /total
19:10:16 [info]: HTTP POST /total
19:10:19 [info]: HTTP POST /mails/latest:1
19:10:35 [info]: HTTP POST /total
19:11:35 [info]: HTTP POST /total
19:11:55 [info]: HTTP POST /total
19:12:15 [info]: HTTP POST /total
19:12:49 [info]: HTTP POST /total
19:13:11 [info]: HTTP POST /total
19:13:35 [info]: HTTP POST /total
19:14:03 [info]: HTTP POST /total
19:15:02 [info]: HTTP POST /total
19:15:57 [info]: HTTP POST /total
19:16:15 [info]: HTTP POST /total
19:16:24 [info]: HTTP POST /total
19:16:40 [info]: HTTP POST /total
19:16:53 [info]: HTTP POST /total
19:18:05 [info]: HTTP POST /total
19:18:08 [info]: HTTP POST /total
19:18:39 [info]: HTTP POST /total
19:18:58 [info]: HTTP POST /total
19:31:17 [info]: HTTP POST /total
19:31:20 [info]: HTTP POST /mails/latest:1
19:46:22 [info]: HTTP POST /total
19:46:25 [info]: HTTP POST /mails/latest:1
19:47:37 [info]: HTTP POST /total
19:48:31 [info]: HTTP POST /total
19:48:33 [info]: HTTP POST /total
19:50:22 [info]: HTTP POST /total
19:50:59 [info]: HTTP POST /total
19:51:36 [info]: HTTP POST /total
19:52:01 [info]: HTTP POST /total
19:52:12 [info]: HTTP POST /total
19:54:42 [info]: HTTP POST /send
19:54:51 [info]: HTTP POST /total
19:54:54 [info]: HTTP POST /mails/latest:1
20:03:45 [info]: HTTP POST /total
20:22:23 [info]: HTTP POST /total
20:54:52 [info]: HTTP POST /total
20:54:55 [info]: HTTP POST /mails/latest:2
21:00:32 [info]: HTTP POST /total
21:01:07 [info]: HTTP POST /total
21:04:58 [info]: HTTP POST /total
21:05:02 [info]: HTTP POST /mails/latest:1
21:16:16 [info]: HTTP POST /total
21:19:29 [info]: HTTP POST /total
21:36:29 [info]: HTTP POST /total
21:41:31 [info]: HTTP POST /mails/latest:1
21:44:57 [info]: HTTP POST /total
21:44:57 [info]: HTTP POST /total
21:48:43 [info]: HTTP POST /mails/latest:20/
21:49:00 [info]: HTTP POST /mails/latest:20/
21:49:51 [info]: HTTP POST /total
21:49:59 [info]: HTTP POST /mails/latest:20/
21:51:51 [info]: HTTP POST /total
21:51:54 [info]: HTTP POST /total
21:52:32 [info]: HTTP POST /total
21:53:15 [info]: HTTP POST /total
22:18:25 [info]: HTTP POST /total
22:19:14 [info]: HTTP POST /total
01:31:05 [info]: HTTP POST /folders
01:31:15 [info]: HTTP GET /folders
01:33:50 [info]: HTTP POST /total
01:33:54 [info]: HTTP POST /mails/latest:4
01:34:29 [info]: HTTP POST /total
01:34:33 [info]: HTTP POST /mails/latest:4
01:34:34 [info]: HTTP POST /total
01:34:38 [info]: HTTP POST /mails/latest:4
01:34:50 [info]: HTTP POST /mails/latest:20/
01:34:58 [info]: HTTP POST /mails/latest:20/
01:35:11 [info]: HTTP POST /total
01:35:15 [info]: HTTP POST /mails/latest:4
01:35:44 [info]: HTTP POST /total
01:35:47 [info]: HTTP POST /mails/latest:4
01:35:56 [info]: HTTP POST /total
01:36:00 [info]: HTTP POST /mails/latest:4
01:36:20 [info]: HTTP POST /total
01:36:24 [info]: HTTP POST /mails/latest:4
01:36:41 [info]: HTTP POST /total
01:36:45 [info]: HTTP POST /mails/latest:4
01:37:16 [info]: HTTP POST /total
01:37:17 [info]: HTTP POST /total
01:37:20 [info]: HTTP POST /mails/latest:4
01:38:12 [info]: HTTP POST /total
01:38:15 [info]: HTTP POST /mails/latest:4
01:39:33 [info]: HTTP POST /total
01:39:37 [info]: HTTP POST /mails/latest:4
01:40:29 [info]: HTTP POST /total
01:40:30 [info]: HTTP POST /total
01:40:34 [info]: HTTP POST /mails/latest:4
01:42:40 [info]: HTTP POST /total
01:42:44 [info]: HTTP POST /mails/latest:4
01:43:19 [info]: HTTP POST /total
01:43:23 [info]: HTTP POST /mails/latest:4
01:43:24 [info]: HTTP POST /total
01:43:28 [info]: HTTP POST /mails/latest:4
01:44:25 [info]: HTTP POST /total
01:44:26 [info]: HTTP POST /total
01:44:30 [info]: HTTP POST /mails/latest:4
01:46:21 [info]: HTTP POST /total
01:46:24 [info]: HTTP POST /mails/latest:4
01:46:29 [info]: HTTP POST /total
01:46:34 [info]: HTTP POST /total
01:46:38 [info]: HTTP POST /mails/latest:4
01:46:41 [info]: HTTP POST /total
10:07:22 [info]: HTTP POST /total
10:07:25 [info]: HTTP POST /mails/latest:7
10:11:50 [info]: HTTP POST /total
10:11:54 [info]: HTTP POST /mails/latest:7
10:16:44 [info]: HTTP POST /total
10:16:48 [info]: HTTP POST /mails/latest:7
10:17:30 [info]: HTTP POST /mails/latest:20/
10:17:43 [info]: HTTP POST /mails/latest:20/
10:18:22 [info]: HTTP POST /mails/latest:20/
10:18:31 [info]: HTTP POST /mails/latest:20/
10:19:00 [info]: HTTP POST /mails/latest:20/
10:19:02 [info]: HTTP POST /mails/latest:20/
10:19:09 [info]: HTTP POST /mails/latest:20/
10:21:25 [info]: HTTP GET /folders
10:21:26 [info]: HTTP POST /mails/latest:20/
10:22:14 [info]: HTTP POST /total
10:22:31 [info]: HTTP POST /mails/latest:20/
10:22:46 [info]: HTTP POST /total
10:26:40 [info]: HTTP POST /total
10:30:30 [info]: HTTP POST /total
10:31:12 [info]: HTTP POST /total
10:31:15 [info]: HTTP POST /total
10:31:38 [info]: HTTP POST /total
10:31:39 [info]: HTTP POST /total
10:31:45 [info]: HTTP POST /total
10:31:56 [info]: HTTP POST /mails/latest:20/
10:34:48 [info]: HTTP POST /total
10:43:15 [info]: HTTP POST /total
10:43:48 [info]: HTTP POST /total
10:43:52 [info]: HTTP POST /total
10:44:03 [info]: HTTP POST /mails/latest:20/
11:03:24 [info]: HTTP POST /total
11:03:32 [info]: HTTP POST /total
11:06:17 [info]: HTTP POST /total
14:13:24 [info]: HTTP POST /total
14:13:37 [info]: HTTP POST /mails/latest:20/
14:13:47 [info]: HTTP POST /total
14:13:47 [info]: HTTP POST /total
14:30:48 [info]: HTTP POST /total
18:16:44 [info]: HTTP POST /total
18:16:47 [info]: HTTP POST /mails/latest:5
18:17:24 [info]: HTTP POST /total
18:17:35 [info]: HTTP POST /total
18:17:41 [info]: HTTP POST /total
19:00:53 [info]: HTTP POST /total
19:00:56 [info]: HTTP POST /mails/latest:1
19:23:52 [info]: HTTP POST /total
19:23:55 [info]: HTTP POST /mails/latest:1
19:30:37 [info]: HTTP POST /mails/latest:20/
19:30:44 [info]: HTTP POST /total
19:31:28 [info]: HTTP POST /total
20:07:05 [info]: HTTP POST /total
20:16:03 [info]: HTTP POST /total
20:16:06 [info]: HTTP POST /mails/latest:2
20:17:09 [info]: HTTP POST /total
20:26:59 [info]: HTTP POST /total
20:27:00 [info]: HTTP POST /total
20:27:12 [info]: HTTP POST /total
20:27:18 [info]: HTTP POST /total
20:27:33 [info]: HTTP POST /total
20:27:44 [info]: HTTP POST /total
20:27:54 [info]: HTTP POST /total
20:27:57 [info]: HTTP POST /total
20:28:03 [info]: HTTP POST /total
20:28:08 [info]: HTTP POST /total
20:28:17 [info]: HTTP POST /total
20:28:55 [info]: HTTP POST /total
20:29:27 [info]: HTTP POST /total
20:29:40 [info]: HTTP POST /total
20:34:14 [info]: HTTP POST /total
20:39:37 [info]: HTTP POST /total
20:40:36 [info]: HTTP POST /total
20:40:42 [info]: HTTP POST /total
20:40:48 [info]: HTTP POST /total
20:44:01 [info]: HTTP POST /total
20:44:31 [info]: HTTP POST /total
20:44:49 [info]: HTTP POST /total
20:45:46 [info]: HTTP POST /total
20:49:23 [info]: HTTP POST /total
20:50:30 [info]: HTTP POST /total
20:50:32 [info]: HTTP POST /total
20:50:37 [info]: HTTP POST /total
20:50:38 [info]: HTTP POST /total
20:50:40 [info]: HTTP POST /total
20:53:05 [info]: HTTP POST /total
20:53:50 [info]: HTTP POST /total
20:54:09 [info]: HTTP POST /total
21:01:06 [info]: HTTP POST /total
21:02:45 [info]: HTTP POST /total
21:03:13 [info]: HTTP POST /total
21:05:30 [info]: HTTP POST /total
21:50:55 [info]: HTTP POST /total
21:50:59 [info]: HTTP POST /mails/latest:3
21:53:32 [info]: HTTP POST /total
21:59:49 [info]: HTTP POST /total
22:02:01 [info]: HTTP POST /total
22:12:31 [info]: HTTP POST /total
22:14:16 [info]: HTTP POST /total
22:32:02 [info]: HTTP POST /total
23:33:53 [info]: HTTP POST /total
23:33:56 [info]: HTTP POST /mails/latest:3
00:01:25 [info]: HTTP POST /total
00:55:05 [info]: HTTP POST /total
00:57:06 [info]: HTTP POST /total
00:57:09 [info]: HTTP POST /total
00:57:33 [info]: HTTP POST /total
00:57:42 [info]: HTTP POST /total
00:58:00 [info]: HTTP POST /total
00:58:33 [info]: HTTP POST /total
00:58:41 [info]: HTTP POST /total
00:58:48 [info]: HTTP POST /total
00:58:54 [info]: HTTP POST /total
00:59:01 [info]: HTTP POST /total
00:59:18 [info]: HTTP POST /total
00:59:24 [info]: HTTP POST /total
00:59:30 [info]: HTTP POST /total
00:59:40 [info]: HTTP POST /total
01:00:27 [info]: HTTP POST /total
01:04:08 [info]: HTTP POST /total
01:05:23 [info]: HTTP POST /total
01:06:27 [info]: HTTP POST /total
01:06:30 [info]: HTTP POST /total
01:07:03 [info]: HTTP POST /total
01:07:03 [info]: HTTP POST /total
01:07:03 [info]: HTTP POST /total
01:07:04 [info]: HTTP POST /total
01:07:20 [info]: HTTP POST /total
01:08:03 [info]: HTTP POST /total
01:09:12 [info]: HTTP POST /total
01:10:11 [info]: HTTP POST /total
01:12:06 [info]: HTTP POST /total
01:12:06 [info]: HTTP POST /total
01:12:06 [info]: HTTP POST /total
01:12:06 [info]: HTTP POST /total
01:18:55 [info]: HTTP POST /total
01:19:29 [info]: HTTP POST /total
01:19:35 [info]: HTTP POST /total
01:20:49 [info]: HTTP POST /total
01:21:09 [info]: HTTP POST /total
01:21:24 [info]: HTTP POST /total
01:21:24 [info]: HTTP POST /total
01:21:24 [info]: HTTP POST /total
11:57:30 [info]: HTTP POST /total
11:57:36 [info]: HTTP POST /mails/latest:20
12:18:33 [info]: HTTP POST /total
12:21:06 [info]: HTTP GET /delete
12:21:10 [info]: HTTP POST /delete
12:25:07 [info]: HTTP GET /delete
12:25:11 [info]: HTTP POST /delete
12:25:57 [info]: HTTP POST /delete
12:26:33 [info]: HTTP POST /total
12:27:16 [info]: HTTP POST /total
13:14:05 [info]: HTTP POST /delete
13:14:57 [info]: HTTP POST /delete
13:15:26 [info]: HTTP POST /delete
13:15:54 [info]: HTTP POST /delete
13:16:22 [info]: HTTP POST /delete
13:16:43 [info]: HTTP POST /delete
22:02:13 [info]: HTTP POST /total
22:02:18 [info]: HTTP POST /mails/latest:20
22:02:26 [info]: HTTP POST /total
22:02:30 [info]: HTTP POST /mails/latest:8
22:02:37 [info]: HTTP POST /mails/latest:20/
22:02:45 [info]: HTTP POST /mails/latest:20/
22:02:51 [info]: HTTP POST /total
22:02:54 [info]: HTTP POST /mails/latest:7
22:02:58 [info]: HTTP POST /total
22:03:26 [info]: HTTP POST /total
22:03:38 [info]: HTTP POST /total
22:03:53 [info]: HTTP POST /total
22:03:55 [info]: HTTP POST /total
22:04:11 [info]: HTTP POST /total
22:04:19 [info]: HTTP POST /total
22:05:16 [info]: HTTP POST /total
22:05:29 [info]: HTTP POST /total
22:06:56 [info]: HTTP POST /total
22:07:04 [info]: HTTP POST /delete
22:10:39 [info]: HTTP POST /total
22:11:34 [info]: HTTP POST /total
22:11:48 [info]: HTTP POST /delete
22:14:57 [info]: HTTP POST /total
22:15:01 [info]: HTTP POST /mails/latest:2
22:15:05 [info]: HTTP POST /delete
22:15:29 [info]: HTTP POST /total
22:16:12 [info]: HTTP POST /delete
22:21:25 [info]: HTTP POST /delete
22:21:36 [info]: HTTP POST /total
22:23:20 [info]: HTTP POST /delete
22:23:38 [info]: HTTP POST /total
22:25:40 [info]: HTTP POST /total
22:25:45 [info]: HTTP POST /total
22:45:41 [info]: HTTP POST /total
22:45:42 [info]: HTTP POST /total
22:45:45 [info]: HTTP POST /mails/latest:1
22:45:46 [info]: HTTP POST /total
22:45:52 [info]: HTTP POST /delete
22:46:25 [info]: HTTP POST /total
22:46:30 [info]: HTTP POST /delete
22:48:52 [info]: HTTP POST /delete
22:49:06 [info]: HTTP POST /total
22:49:11 [info]: HTTP POST /total
22:50:26 [info]: HTTP POST /total
22:50:41 [info]: HTTP POST /delete
22:50:56 [info]: HTTP POST /total
23:02:22 [info]: HTTP POST /total
23:57:11 [info]: HTTP POST /delete
23:57:21 [info]: HTTP POST /total
23:57:25 [info]: HTTP POST /mails/latest:1
23:57:45 [info]: HTTP POST /delete
23:57:55 [info]: HTTP POST /total
00:01:56 [info]: HTTP POST /delete
00:02:05 [info]: HTTP POST /total
00:05:11 [info]: HTTP POST /total
00:05:13 [info]: HTTP POST /delete
00:05:27 [info]: HTTP POST /total
00:06:38 [info]: HTTP POST /total
00:06:40 [info]: HTTP POST /delete
00:06:52 [info]: HTTP POST /total
00:08:59 [info]: HTTP POST /delete
00:09:25 [info]: HTTP POST /total
00:09:27 [info]: HTTP POST /delete
23:35:02 [info]: HTTP POST /total
23:35:06 [info]: HTTP POST /mails/latest:20
18:37:19 [info]: HTTP POST /total
18:37:23 [info]: HTTP POST /mails/latest:20
18:37:59 [info]: HTTP POST /total
18:38:04 [info]: HTTP POST /total
18:58:11 [info]: HTTP POST /total
18:58:11 [info]: HTTP POST /total
19:08:25 [info]: HTTP POST /total
19:08:28 [info]: HTTP POST /mails/latest:1
